


ARM Macro Assembler    Page 1 


    1 00000000         ;/*-----------------------------------------------------
                       ----------------------------------------------------*/
    2 00000000         ;/* Holtek Semiconductor Inc.                           
                                                                           */
    3 00000000         ;/*                                                     
                                                                           */
    4 00000000         ;/* Copyright (C) Holtek Semiconductor Inc.             
                                                                           */
    5 00000000         ;/* All rights reserved.                                
                                                                           */
    6 00000000         ;/*                                                     
                                                                           */
    7 00000000         ;/*-----------------------------------------------------
                       ------------------------------------------------------
    8 00000000         ;  File Name        : startup_ht32f1xxxx_01.s
    9 00000000         ;  Version          : $Rev:: 1576         $
   10 00000000         ;  Date             : $Date:: 2019-03-29 #$
   11 00000000         ;  Description      : Startup code.
   12 00000000         ;-------------------------------------------------------
                       ----------------------------------------------------*/
   13 00000000         
   14 00000000         ;  Supported Device
   15 00000000         ;  ========================================
   16 00000000         ;   HT32F1653, HT32F1654
   17 00000000         ;   HT32F1655, HT32F1656
   18 00000000         ;   HT32F12365, HT32F12366
   19 00000000         ;   HT32F12345
   20 00000000         
   21 00000000         ;/* <<< Use Configuration Wizard in Context Menu >>>    
                                                                           */
   22 00000000         
   23 00000000         ;// <o>  HT32 Device
   24 00000000         ;//      <0=> By Project Asm Define
   25 00000000         ;//      <1=> HT32F1653/1654/1655/1656
   26 00000000         ;//      <2=> HT32F12365/12366
   27 00000000         ;//      <3=> HT32F12345
   28 00000000 00000000 
                       USE_HT32_CHIP_SET
                               EQU              0
   29 00000000         
   30 00000000 FFFFFFFF 
                       _HT32FWID
                               EQU              0xFFFFFFFF
   31 00000000         ;_HT32FWID           EQU     0x00012366
   32 00000000         
   33 00000000 00000001 
                       HT32F1653_54_55_56
                               EQU              1
   34 00000000 00000002 
                       HT32F12365_66
                               EQU              2
   35 00000000 00000003 
                       HT32F12345
                               EQU              3
   36 00000000         
   37 00000000                 IF               USE_HT32_CHIP_SET=0
   38 00000000                 ELSE
   40                          ENDIF
   41 00000000         



ARM Macro Assembler    Page 2 


   42 00000000         ; Amount of memory (in bytes) allocated for Stack and He
                       ap
   43 00000000         ; Tailor those values to your application needs
   44 00000000         ;//   <o> Stack Size (in Bytes, must 8 byte aligned) <0-
                       131072:8>
   45 00000000 00000200 
                       Stack_Size
                               EQU              512
   46 00000000         
   47 00000000                 AREA             STACK, NOINIT, READWRITE, ALIGN
 = 3
   48 00000000         __HT_check_sp
   49 00000000         Stack_Mem
                               SPACE            Stack_Size
   50 00000200         __initial_sp
   51 00000200         
   52 00000200         ;//   <o>  Heap Size (in Bytes) <0-131072:8>
   53 00000200 00000000 
                       Heap_Size
                               EQU              0
   54 00000200         
   55 00000200                 AREA             HEAP, NOINIT, READWRITE, ALIGN 
= 3
   56 00000000         __HT_check_heap
   57 00000000         __heap_base
   58 00000000         Heap_Mem
                               SPACE            Heap_Size
   59 00000000         __heap_limit
   60 00000000         
   61 00000000                 PRESERVE8
   62 00000000                 THUMB
   63 00000000         
   64 00000000         ;*******************************************************
                       ************************
   65 00000000         ; Fill-up the Vector Table entries with the exceptions I
                       SR address
   66 00000000         ;*******************************************************
                       ************************
   67 00000000                 AREA             RESET, CODE, READONLY
   68 00000000                 EXPORT           __Vectors
   69 00000000 FFFFFFFF 
                       _RESERVED
                               EQU              0xFFFFFFFF
   70 00000000         __Vectors
   71 00000000 00000000        DCD              __initial_sp ; ---, 00, 0x000, 
                                                            Top address of Stac
                                                            k
   72 00000004 00000000        DCD              Reset_Handler ; ---, 01, 0x004,
                                                             Reset Handler
   73 00000008 00000000        DCD              NMI_Handler ; ---, 02, 0x008, N
                                                            MI Handler
   74 0000000C 00000000        DCD              HardFault_Handler ; ---, 03, 0x
                                                            00C, Hard Fault Han
                                                            dler
   75 00000010 00000000        DCD              MemManage_Handler ; ---, 04, 0x
                                                            010, Memory Managem
                                                            ent Fault Handler
   76 00000014 00000000        DCD              BusFault_Handler ; ---, 05, 0x0
                                                            14, Bus Fault Handl



ARM Macro Assembler    Page 3 


                                                            er
   77 00000018 00000000        DCD              UsageFault_Handler ; ---, 06, 0
                                                            x018, Usage Fault H
                                                            andler
   78 0000001C FFFFFFFF        DCD              _RESERVED   ; ---, 07, 0x01C, R
                                                            eserved
   79 00000020 FFFFFFFF        DCD              _HT32FWID   ; ---, 08, 0x020, R
                                                            eserved
   80 00000024 FFFFFFFF        DCD              _RESERVED   ; ---, 09, 0x024, R
                                                            eserved
   81 00000028 FFFFFFFF        DCD              _RESERVED   ; ---, 10, 0x028, R
                                                            eserved
   82 0000002C 00000000        DCD              SVC_Handler ; ---, 11, 0x02C, S
                                                            VC Handler
   83 00000030 00000000        DCD              DebugMon_Handler ; ---, 12, 0x0
                                                            30, Debug Monitor H
                                                            andler
   84 00000034 FFFFFFFF        DCD              _RESERVED   ; ---, 13, 0x034, R
                                                            eserved
   85 00000038 00000000        DCD              PendSV_Handler ; ---, 14, 0x038
                                                            , PendSV Handler
   86 0000003C 00000000        DCD              SysTick_Handler ; ---, 15, 0x03
                                                            C, SysTick Handler
   87 00000040         
   88 00000040         ; External Interrupt Handler
   89 00000040 00000000        DCD              CKRDY_IRQHandler 
                                                            ;  00, 16, 0x040,
   90 00000044 00000000        DCD              LVD_IRQHandler 
                                                            ;  01, 17, 0x044,
   91 00000048 00000000        DCD              BOD_IRQHandler 
                                                            ;  02, 18, 0x048,
   92 0000004C                 IF               (USE_HT32_CHIP=HT32F1653_54_55_
56)
   95 0000004C FFFFFFFF        DCD              _RESERVED   ;  03, 19, 0x04C,
   96 00000050                 ENDIF
   97 00000050 00000000        DCD              RTC_IRQHandler 
                                                            ;  04, 20, 0x050,
   98 00000054 00000000        DCD              FLASH_IRQHandler 
                                                            ;  05, 21, 0x054,
   99 00000058 00000000        DCD              EVWUP_IRQHandler 
                                                            ;  06, 22, 0x058,
  100 0000005C 00000000        DCD              LPWUP_IRQHandler 
                                                            ;  07, 23, 0x05C,
  101 00000060 00000000        DCD              EXTI0_IRQHandler 
                                                            ;  08, 24, 0x060,
  102 00000064 00000000        DCD              EXTI1_IRQHandler 
                                                            ;  09, 25, 0x064,
  103 00000068 00000000        DCD              EXTI2_IRQHandler 
                                                            ;  10, 26, 0x068,
  104 0000006C 00000000        DCD              EXTI3_IRQHandler 
                                                            ;  11, 27, 0x06C,
  105 00000070 00000000        DCD              EXTI4_IRQHandler 
                                                            ;  12, 28, 0x070,
  106 00000074 00000000        DCD              EXTI5_IRQHandler 
                                                            ;  13, 29, 0x074,
  107 00000078 00000000        DCD              EXTI6_IRQHandler 
                                                            ;  14, 30, 0x078,
  108 0000007C 00000000        DCD              EXTI7_IRQHandler 
                                                            ;  15, 31, 0x07C,



ARM Macro Assembler    Page 4 


  109 00000080 00000000        DCD              EXTI8_IRQHandler 
                                                            ;  16, 32, 0x080,
  110 00000084 00000000        DCD              EXTI9_IRQHandler 
                                                            ;  17, 33, 0x084,
  111 00000088 00000000        DCD              EXTI10_IRQHandler 
                                                            ;  18, 34, 0x088,
  112 0000008C 00000000        DCD              EXTI11_IRQHandler 
                                                            ;  19, 35, 0x08C,
  113 00000090 00000000        DCD              EXTI12_IRQHandler 
                                                            ;  20, 36, 0x090,
  114 00000094 00000000        DCD              EXTI13_IRQHandler 
                                                            ;  21, 37, 0x094,
  115 00000098 00000000        DCD              EXTI14_IRQHandler 
                                                            ;  22, 38, 0x098,
  116 0000009C 00000000        DCD              EXTI15_IRQHandler 
                                                            ;  23, 39, 0x09C,
  117 000000A0 00000000        DCD              COMP_IRQHandler 
                                                            ;  24, 40, 0x0A0,
  118 000000A4 00000000        DCD              ADC_IRQHandler 
                                                            ;  25, 41, 0x0A4,
  119 000000A8 FFFFFFFF        DCD              _RESERVED   ;  26, 42, 0x0A8,
  120 000000AC 00000000        DCD              MCTM0BRK_IRQHandler 
                                                            ;  27, 43, 0x0AC,
  121 000000B0 00000000        DCD              MCTM0UP_IRQHandler 
                                                            ;  28, 44, 0x0B0,
  122 000000B4 00000000        DCD              MCTM0TR_IRQHandler 
                                                            ;  29, 45, 0x0B4,
  123 000000B8 00000000        DCD              MCTM0CC_IRQHandler 
                                                            ;  30, 46, 0x0B8,
  124 000000BC 00000000        DCD              MCTM1BRK_IRQHandler 
                                                            ;  31, 47, 0x0BC,
  125 000000C0 00000000        DCD              MCTM1UP_IRQHandler 
                                                            ;  32, 48, 0x0C0,
  126 000000C4 00000000        DCD              MCTM1TR_IRQHandler 
                                                            ;  33, 49, 0x0C4,
  127 000000C8 00000000        DCD              MCTM1CC_IRQHandler 
                                                            ;  34, 50, 0x0C8,
  128 000000CC 00000000        DCD              GPTM0_IRQHandler 
                                                            ;  35, 51, 0x0CC,
  129 000000D0 00000000        DCD              GPTM1_IRQHandler 
                                                            ;  36, 52, 0x0D0,
  130 000000D4 FFFFFFFF        DCD              _RESERVED   ;  37, 53, 0x0D4,
  131 000000D8 FFFFFFFF        DCD              _RESERVED   ;  38, 54, 0x0D8,
  132 000000DC FFFFFFFF        DCD              _RESERVED   ;  39, 55, 0x0DC,
  133 000000E0 FFFFFFFF        DCD              _RESERVED   ;  40, 56, 0x0E0,
  134 000000E4 00000000        DCD              BFTM0_IRQHandler 
                                                            ;  41, 57, 0x0E4,
  135 000000E8 00000000        DCD              BFTM1_IRQHandler 
                                                            ;  42, 58, 0x0E8,
  136 000000EC 00000000        DCD              I2C0_IRQHandler 
                                                            ;  43, 59, 0x0EC,
  137 000000F0 00000000        DCD              I2C1_IRQHandler 
                                                            ;  44, 60, 0x0F0,
  138 000000F4 00000000        DCD              SPI0_IRQHandler 
                                                            ;  45, 61, 0x0F4,
  139 000000F8 00000000        DCD              SPI1_IRQHandler 
                                                            ;  46, 62, 0x0F8,
  140 000000FC 00000000        DCD              USART0_IRQHandler 
                                                            ;  47, 63, 0x0FC,



ARM Macro Assembler    Page 5 


  141 00000100 00000000        DCD              USART1_IRQHandler 
                                                            ;  48, 64, 0x100,
  142 00000104 00000000        DCD              UART0_IRQHandler 
                                                            ;  49, 65, 0x104,
  143 00000108 00000000        DCD              UART1_IRQHandler 
                                                            ;  50, 66, 0x108,
  144 0000010C                 IF               (USE_HT32_CHIP=HT32F12345)
  147 0000010C 00000000        DCD              SCI_IRQHandler 
                                                            ;  51, 67, 0x10C,
  148 00000110                 ENDIF
  149 00000110 00000000        DCD              I2S_IRQHandler 
                                                            ;  52, 68, 0x110,
  150 00000114 00000000        DCD              USB_IRQHandler 
                                                            ;  53, 69, 0x114,
  151 00000118                 IF               (USE_HT32_CHIP=HT32F1653_54_55_
56)
  154 00000118 00000000        DCD              SDIO_IRQHandler 
                                                            ;  54, 70, 0x118,
  155 0000011C                 ENDIF
  156 0000011C 00000000        DCD              PDMA_CH0_IRQHandler 
                                                            ;  55, 71, 0x11C,
  157 00000120 00000000        DCD              PDMA_CH1_IRQHandler 
                                                            ;  56, 72, 0x120,
  158 00000124 00000000        DCD              PDMA_CH2_IRQHandler 
                                                            ;  57, 73, 0x124,
  159 00000128 00000000        DCD              PDMA_CH3_IRQHandler 
                                                            ;  58, 74, 0x128,
  160 0000012C 00000000        DCD              PDMA_CH4_IRQHandler 
                                                            ;  59, 75, 0x12C,
  161 00000130 00000000        DCD              PDMA_CH5_IRQHandler 
                                                            ;  60, 76, 0x130,
  162 00000134 00000000        DCD              PDMA_CH6_IRQHandler 
                                                            ;  61, 77, 0x134,
  163 00000138 00000000        DCD              PDMA_CH7_IRQHandler 
                                                            ;  62, 78, 0x138,
  164 0000013C                 IF               (USE_HT32_CHIP=HT32F1653_54_55_
56)
  170 0000013C 00000000        DCD              PDMA_CH8_IRQHandler 
                                                            ;  63, 79, 0x13C,
  171 00000140 00000000        DCD              PDMA_CH9_IRQHandler 
                                                            ;  64, 80, 0x140,
  172 00000144 00000000        DCD              PDMA_CH10_IRQHandler 
                                                            ;  65, 81, 0x144,
  173 00000148 00000000        DCD              PDMA_CH11_IRQHandler 
                                                            ;  66, 82, 0x148,
  174 0000014C                 ENDIF
  175 0000014C                 IF               (USE_HT32_CHIP=HT32F12365_66)
  176 0000014C 00000000        DCD              CSIF_IRQHandler 
                                                            ;  67, 83, 0x14C,
  177 00000150                 ELSE
  179                          ENDIF
  180 00000150 00000000        DCD              EBI_IRQHandler 
                                                            ;  68, 84, 0x150,
  181 00000154                 IF               (USE_HT32_CHIP=HT32F12365_66)
  182 00000154 00000000        DCD              AES_IRQHandler 
                                                            ;  69, 85, 0x154,
  183 00000158                 ENDIF
  184 00000158         
  185 00000158         ; Reset handler routine



ARM Macro Assembler    Page 6 


  186 00000158         Reset_Handler
                               PROC
  187 00000158                 EXPORT           Reset_Handler                  
 [WEAK]
  188 00000158                 IMPORT           SystemInit
  189 00000158                 IMPORT           __main
  190 00000158                 IF               (USE_HT32_CHIP=HT32F1653_54_55_
56)
  192 00000158 4821            LDR              R0, =BootProcess
  193 0000015A 4780            BLX              R0
  194 0000015C                 ENDIF
  195 0000015C 4821            LDR              R0, =SystemInit
  196 0000015E 4780            BLX              R0
  197 00000160 4821            LDR              R0, =__main
  198 00000162 4700            BX               R0
  199 00000164                 ENDP
  200 00000164         
  201 00000164                 IF               (USE_HT32_CHIP=HT32F1653_54_55_
56)
  203 00000164         BootProcess
                               PROC
  204 00000164 4821            LDR              R0, =0x40080300
  205 00000166 6901            LDR              R1,[R0, #0x10]
  206 00000168 2900            CMP              R1, #0
  207 0000016A D108            BNE              BP1
  208 0000016C 6941            LDR              R1,[R0, #0x14]
  209 0000016E 2900            CMP              R1, #0
  210 00000170 D105            BNE              BP1
  211 00000172 6981            LDR              R1,[R0, #0x18]
  212 00000174 2900            CMP              R1, #0
  213 00000176 D102            BNE              BP1
  214 00000178 69C1            LDR              R1,[R0, #0x1C]
  215 0000017A 2900            CMP              R1, #0
  216 0000017C D009            BEQ              BP2
  217 0000017E 481C    BP1     LDR              R0, =0x40080180
  218 00000180 68C1            LDR              R1,[R0, #0xC]
  219 00000182 0109            LSLS             R1, R1, #4
  220 00000184 0D09            LSRS             R1, R1, #20
  221 00000186 2900            CMP              R1, #0
  222 00000188 D00F            BEQ              BP3
  223 0000018A 2901            CMP              R1, #1
  224 0000018C D00D            BEQ              BP3
  225 0000018E 2902            CMP              R1, #2
  226 00000190 D00B            BEQ              BP3
  227 00000192 F3BF 8F4F 
                       BP2     DSB
  228 00000196 F04F 5000       LDR              R0, =0x20000000
  229 0000019A 4916            LDR              R1, =0x05fa0004
  230 0000019C 6001            STR              R1, [R0]
  231 0000019E 4916            LDR              R1, =0xe000ed00
  232 000001A0 4814            LDR              R0, =0x05fa0004
  233 000001A2 60C8            STR              R0, [R1, #0xC]
  234 000001A4 F3BF 8F4F       DSB
  235 000001A8 E7FE            B                .
  236 000001AA F04F 5000 
                       BP3     LDR              R0, =0x20000000
  237 000001AE 6801            LDR              R1, [R0]
  238 000001B0 4810            LDR              R0, =0x05fa0004
  239 000001B2 4288            CMP              R0, R1



ARM Macro Assembler    Page 7 


  240 000001B4 D000            BEQ              BP4
  241 000001B6 4770            BX               LR
  242 000001B8 4810    BP4     LDR              R0, =0x40088100
  243 000001BA F04F 0101       LDR              R1, =0x00000001
  244 000001BE 6001            STR              R1, [R0]
  245 000001C0 F04F 5000       LDR              R0, =0x20000000
  246 000001C4 F04F 0100       LDR              R1, =0x0
  247 000001C8 6001            STR              R1, [R0]
  248 000001CA 4770            BX               LR
  249 000001CC                 ENDP
  250 000001CC                 ENDIF
  251 000001CC         
  252 000001CC         ; Dummy Exception Handlers
  253 000001CC         NMI_Handler
                               PROC
  254 000001CC                 EXPORT           NMI_Handler                    
 [WEAK]
  255 000001CC E7FE            B                .
  256 000001CE                 ENDP
  257 000001CE         
  258 000001CE         HardFault_Handler
                               PROC
  259 000001CE                 EXPORT           HardFault_Handler              
 [WEAK]
  260 000001CE E7FE            B                .
  261 000001D0                 ENDP
  262 000001D0         
  263 000001D0         MemManage_Handler
                               PROC
  264 000001D0                 EXPORT           MemManage_Handler              
 [WEAK]
  265 000001D0 E7FE            B                .
  266 000001D2                 ENDP
  267 000001D2         
  268 000001D2         BusFault_Handler
                               PROC
  269 000001D2                 EXPORT           BusFault_Handler               
 [WEAK]
  270 000001D2 E7FE            B                .
  271 000001D4                 ENDP
  272 000001D4         
  273 000001D4         UsageFault_Handler
                               PROC
  274 000001D4                 EXPORT           UsageFault_Handler             
 [WEAK]
  275 000001D4 E7FE            B                .
  276 000001D6                 ENDP
  277 000001D6         
  278 000001D6         SVC_Handler
                               PROC
  279 000001D6                 EXPORT           SVC_Handler                    
 [WEAK]
  280 000001D6 E7FE            B                .
  281 000001D8                 ENDP
  282 000001D8         
  283 000001D8         DebugMon_Handler
                               PROC
  284 000001D8                 EXPORT           DebugMon_Handler               
 [WEAK]



ARM Macro Assembler    Page 8 


  285 000001D8 E7FE            B                .
  286 000001DA                 ENDP
  287 000001DA         
  288 000001DA         PendSV_Handler
                               PROC
  289 000001DA                 EXPORT           PendSV_Handler                 
 [WEAK]
  290 000001DA E7FE            B                .
  291 000001DC                 ENDP
  292 000001DC         
  293 000001DC         SysTick_Handler
                               PROC
  294 000001DC                 EXPORT           SysTick_Handler                
 [WEAK]
  295 000001DC E7FE            B                .
  296 000001DE                 ENDP
  297 000001DE         
  298 000001DE         Default_Handler
                               PROC
  299 000001DE                 EXPORT           CKRDY_IRQHandler               
 [WEAK]
  300 000001DE                 EXPORT           LVD_IRQHandler                 
 [WEAK]
  301 000001DE                 EXPORT           BOD_IRQHandler                 
 [WEAK]
  302 000001DE                 EXPORT           WDT_IRQHandler                 
 [WEAK]
  303 000001DE                 EXPORT           RTC_IRQHandler                 
 [WEAK]
  304 000001DE                 EXPORT           FLASH_IRQHandler               
 [WEAK]
  305 000001DE                 EXPORT           EVWUP_IRQHandler               
 [WEAK]
  306 000001DE                 EXPORT           LPWUP_IRQHandler               
 [WEAK]
  307 000001DE                 EXPORT           EXTI0_IRQHandler               
 [WEAK]
  308 000001DE                 EXPORT           EXTI1_IRQHandler               
 [WEAK]
  309 000001DE                 EXPORT           EXTI2_IRQHandler               
 [WEAK]
  310 000001DE                 EXPORT           EXTI3_IRQHandler               
 [WEAK]
  311 000001DE                 EXPORT           EXTI4_IRQHandler               
 [WEAK]
  312 000001DE                 EXPORT           EXTI5_IRQHandler               
 [WEAK]
  313 000001DE                 EXPORT           EXTI6_IRQHandler               
 [WEAK]
  314 000001DE                 EXPORT           EXTI7_IRQHandler               
 [WEAK]
  315 000001DE                 EXPORT           EXTI8_IRQHandler               
 [WEAK]
  316 000001DE                 EXPORT           EXTI9_IRQHandler               
 [WEAK]
  317 000001DE                 EXPORT           EXTI10_IRQHandler              
 [WEAK]
  318 000001DE                 EXPORT           EXTI11_IRQHandler              
 [WEAK]



ARM Macro Assembler    Page 9 


  319 000001DE                 EXPORT           EXTI12_IRQHandler              
 [WEAK]
  320 000001DE                 EXPORT           EXTI13_IRQHandler              
 [WEAK]
  321 000001DE                 EXPORT           EXTI14_IRQHandler              
 [WEAK]
  322 000001DE                 EXPORT           EXTI15_IRQHandler              
 [WEAK]
  323 000001DE                 EXPORT           COMP_IRQHandler                
 [WEAK]
  324 000001DE                 EXPORT           ADC_IRQHandler                 
 [WEAK]
  325 000001DE                 EXPORT           MCTM0BRK_IRQHandler            
 [WEAK]
  326 000001DE                 EXPORT           MCTM0UP_IRQHandler             
 [WEAK]
  327 000001DE                 EXPORT           MCTM0TR_IRQHandler             
 [WEAK]
  328 000001DE                 EXPORT           MCTM0CC_IRQHandler             
 [WEAK]
  329 000001DE                 EXPORT           MCTM1BRK_IRQHandler            
 [WEAK]
  330 000001DE                 EXPORT           MCTM1UP_IRQHandler             
 [WEAK]
  331 000001DE                 EXPORT           MCTM1TR_IRQHandler             
 [WEAK]
  332 000001DE                 EXPORT           MCTM1CC_IRQHandler             
 [WEAK]
  333 000001DE                 EXPORT           GPTM0_IRQHandler               
 [WEAK]
  334 000001DE                 EXPORT           GPTM1_IRQHandler               
 [WEAK]
  335 000001DE                 EXPORT           BFTM0_IRQHandler               
 [WEAK]
  336 000001DE                 EXPORT           BFTM1_IRQHandler               
 [WEAK]
  337 000001DE                 EXPORT           I2C0_IRQHandler                
 [WEAK]
  338 000001DE                 EXPORT           I2C1_IRQHandler                
 [WEAK]
  339 000001DE                 EXPORT           SPI0_IRQHandler                
 [WEAK]
  340 000001DE                 EXPORT           SPI1_IRQHandler                
 [WEAK]
  341 000001DE                 EXPORT           USART0_IRQHandler              
 [WEAK]
  342 000001DE                 EXPORT           USART1_IRQHandler              
 [WEAK]
  343 000001DE                 EXPORT           UART0_IRQHandler               
 [WEAK]
  344 000001DE                 EXPORT           UART1_IRQHandler               
 [WEAK]
  345 000001DE                 EXPORT           SCI_IRQHandler                 
 [WEAK]
  346 000001DE                 EXPORT           I2S_IRQHandler                 
 [WEAK]
  347 000001DE                 EXPORT           USB_IRQHandler                 
 [WEAK]
  348 000001DE                 EXPORT           SDIO_IRQHandler                



ARM Macro Assembler    Page 10 


 [WEAK]
  349 000001DE                 EXPORT           PDMA_CH0_IRQHandler            
 [WEAK]
  350 000001DE                 EXPORT           PDMA_CH1_IRQHandler            
 [WEAK]
  351 000001DE                 EXPORT           PDMA_CH2_IRQHandler            
 [WEAK]
  352 000001DE                 EXPORT           PDMA_CH3_IRQHandler            
 [WEAK]
  353 000001DE                 EXPORT           PDMA_CH4_IRQHandler            
 [WEAK]
  354 000001DE                 EXPORT           PDMA_CH5_IRQHandler            
 [WEAK]
  355 000001DE                 EXPORT           PDMA_CH6_IRQHandler            
 [WEAK]
  356 000001DE                 EXPORT           PDMA_CH7_IRQHandler            
 [WEAK]
  357 000001DE                 EXPORT           PDMA_CH8_IRQHandler            
 [WEAK]
  358 000001DE                 EXPORT           PDMA_CH9_IRQHandler            
 [WEAK]
  359 000001DE                 EXPORT           PDMA_CH10_IRQHandler           
 [WEAK]
  360 000001DE                 EXPORT           PDMA_CH11_IRQHandler           
 [WEAK]
  361 000001DE                 EXPORT           CSIF_IRQHandler                
 [WEAK]
  362 000001DE                 EXPORT           EBI_IRQHandler                 
 [WEAK]
  363 000001DE                 EXPORT           AES_IRQHandler                 
 [WEAK]
  364 000001DE         CKRDY_IRQHandler
  365 000001DE         LVD_IRQHandler
  366 000001DE         BOD_IRQHandler
  367 000001DE         WDT_IRQHandler
  368 000001DE         RTC_IRQHandler
  369 000001DE         FLASH_IRQHandler
  370 000001DE         EVWUP_IRQHandler
  371 000001DE         LPWUP_IRQHandler
  372 000001DE         EXTI0_IRQHandler
  373 000001DE         EXTI1_IRQHandler
  374 000001DE         EXTI2_IRQHandler
  375 000001DE         EXTI3_IRQHandler
  376 000001DE         EXTI4_IRQHandler
  377 000001DE         EXTI5_IRQHandler
  378 000001DE         EXTI6_IRQHandler
  379 000001DE         EXTI7_IRQHandler
  380 000001DE         EXTI8_IRQHandler
  381 000001DE         EXTI9_IRQHandler
  382 000001DE         EXTI10_IRQHandler
  383 000001DE         EXTI11_IRQHandler
  384 000001DE         EXTI12_IRQHandler
  385 000001DE         EXTI13_IRQHandler
  386 000001DE         EXTI14_IRQHandler
  387 000001DE         EXTI15_IRQHandler
  388 000001DE         COMP_IRQHandler
  389 000001DE         ADC_IRQHandler
  390 000001DE         MCTM0BRK_IRQHandler
  391 000001DE         MCTM0UP_IRQHandler



ARM Macro Assembler    Page 11 


  392 000001DE         MCTM0TR_IRQHandler
  393 000001DE         MCTM0CC_IRQHandler
  394 000001DE         MCTM1BRK_IRQHandler
  395 000001DE         MCTM1UP_IRQHandler
  396 000001DE         MCTM1TR_IRQHandler
  397 000001DE         MCTM1CC_IRQHandler
  398 000001DE         GPTM0_IRQHandler
  399 000001DE         GPTM1_IRQHandler
  400 000001DE         BFTM0_IRQHandler
  401 000001DE         BFTM1_IRQHandler
  402 000001DE         I2C0_IRQHandler
  403 000001DE         I2C1_IRQHandler
  404 000001DE         SPI0_IRQHandler
  405 000001DE         SPI1_IRQHandler
  406 000001DE         USART0_IRQHandler
  407 000001DE         USART1_IRQHandler
  408 000001DE         UART0_IRQHandler
  409 000001DE         UART1_IRQHandler
  410 000001DE         SCI_IRQHandler
  411 000001DE         I2S_IRQHandler
  412 000001DE         USB_IRQHandler
  413 000001DE         SDIO_IRQHandler
  414 000001DE         PDMA_CH0_IRQHandler
  415 000001DE         PDMA_CH1_IRQHandler
  416 000001DE         PDMA_CH2_IRQHandler
  417 000001DE         PDMA_CH3_IRQHandler
  418 000001DE         PDMA_CH4_IRQHandler
  419 000001DE         PDMA_CH5_IRQHandler
  420 000001DE         PDMA_CH6_IRQHandler
  421 000001DE         PDMA_CH7_IRQHandler
  422 000001DE         PDMA_CH8_IRQHandler
  423 000001DE         PDMA_CH9_IRQHandler
  424 000001DE         PDMA_CH10_IRQHandler
  425 000001DE         PDMA_CH11_IRQHandler
  426 000001DE         CSIF_IRQHandler
  427 000001DE         EBI_IRQHandler
  428 000001DE         AES_IRQHandler
  429 000001DE E7FE            B                .
  430 000001E0                 ENDP
  431 000001E0         
  432 000001E0                 ALIGN
  433 000001E0         
  434 000001E0         ;*******************************************************
                       ************************
  435 000001E0         ; User Stack and Heap initialization
  436 000001E0         ;*******************************************************
                       ************************
  437 000001E0                 IF               :DEF:__MICROLIB
  438 000001E0         
  439 000001E0                 EXPORT           __HT_check_heap
  440 000001E0                 EXPORT           __HT_check_sp
  441 000001E0                 EXPORT           __initial_sp
  442 000001E0                 EXPORT           __heap_base
  443 000001E0                 EXPORT           __heap_limit
  444 000001E0         
  445 000001E0                 ELSE
  459                          ENDIF
  460 000001E0         
  461 000001E0                 END



ARM Macro Assembler    Page 12 


              00000000 
              00000000 
              00000000 
              40080300 
              40080180 
              05FA0004 
              E000ED00 
              40088100 
Command Line: --debug --xref --diag_suppress=9931 --cpu=Cortex-M3 --apcs=interw
ork --depend=.\ht32\12366\obj\startup_ht32f1xxxx_01.d -o.\ht32\12366\obj\startu
p_ht32f1xxxx_01.o -I.\RTE\_HT32 -IC:\Keil_v5\ARM\PACK\Holtek\HT32_DFP\1.0.18\AR
M\INC\Holtek\HT32F1xxxx -IC:\Keil_v5\ARM\CMSIS\Include --predefine="__EVAL SETA
 1" --predefine="__MICROLIB SETA 1" --predefine="__UVISION_VERSION SETA 528" --
predefine="USE_HT32F12365_66 SETA 1" --predefine="USE_HT32_CHIP SETA 2" --list=
.\ht32\12366\list\startup_ht32f1xxxx_01.lst startup_ht32f1xxxx_01.s



ARM Macro Assembler    Page 1 Alphabetic symbol ordering
Relocatable symbols

STACK 00000000

Symbol: STACK
   Definitions
      At line 47 in file startup_ht32f1xxxx_01.s
   Uses
      None
Comment: STACK unused
Stack_Mem 00000000

Symbol: Stack_Mem
   Definitions
      At line 49 in file startup_ht32f1xxxx_01.s
   Uses
      None
Comment: Stack_Mem unused
__HT_check_sp 00000000

Symbol: __HT_check_sp
   Definitions
      At line 48 in file startup_ht32f1xxxx_01.s
   Uses
      At line 440 in file startup_ht32f1xxxx_01.s
Comment: __HT_check_sp used once
__initial_sp 00000200

Symbol: __initial_sp
   Definitions
      At line 50 in file startup_ht32f1xxxx_01.s
   Uses
      At line 71 in file startup_ht32f1xxxx_01.s
      At line 441 in file startup_ht32f1xxxx_01.s

4 symbols



ARM Macro Assembler    Page 1 Alphabetic symbol ordering
Relocatable symbols

HEAP 00000000

Symbol: HEAP
   Definitions
      At line 55 in file startup_ht32f1xxxx_01.s
   Uses
      None
Comment: HEAP unused
Heap_Mem 00000000

Symbol: Heap_Mem
   Definitions
      At line 58 in file startup_ht32f1xxxx_01.s
   Uses
      None
Comment: Heap_Mem unused
__HT_check_heap 00000000

Symbol: __HT_check_heap
   Definitions
      At line 56 in file startup_ht32f1xxxx_01.s
   Uses
      At line 439 in file startup_ht32f1xxxx_01.s
Comment: __HT_check_heap used once
__heap_base 00000000

Symbol: __heap_base
   Definitions
      At line 57 in file startup_ht32f1xxxx_01.s
   Uses
      At line 442 in file startup_ht32f1xxxx_01.s
Comment: __heap_base used once
__heap_limit 00000000

Symbol: __heap_limit
   Definitions
      At line 59 in file startup_ht32f1xxxx_01.s
   Uses
      At line 443 in file startup_ht32f1xxxx_01.s
Comment: __heap_limit used once
5 symbols



ARM Macro Assembler    Page 1 Alphabetic symbol ordering
Relocatable symbols

ADC_IRQHandler 000001DE

Symbol: ADC_IRQHandler
   Definitions
      At line 389 in file startup_ht32f1xxxx_01.s
   Uses
      At line 118 in file startup_ht32f1xxxx_01.s
      At line 324 in file startup_ht32f1xxxx_01.s

AES_IRQHandler 000001DE

Symbol: AES_IRQHandler
   Definitions
      At line 428 in file startup_ht32f1xxxx_01.s
   Uses
      At line 182 in file startup_ht32f1xxxx_01.s
      At line 363 in file startup_ht32f1xxxx_01.s

BFTM0_IRQHandler 000001DE

Symbol: BFTM0_IRQHandler
   Definitions
      At line 400 in file startup_ht32f1xxxx_01.s
   Uses
      At line 134 in file startup_ht32f1xxxx_01.s
      At line 335 in file startup_ht32f1xxxx_01.s

BFTM1_IRQHandler 000001DE

Symbol: BFTM1_IRQHandler
   Definitions
      At line 401 in file startup_ht32f1xxxx_01.s
   Uses
      At line 135 in file startup_ht32f1xxxx_01.s
      At line 336 in file startup_ht32f1xxxx_01.s

BOD_IRQHandler 000001DE

Symbol: BOD_IRQHandler
   Definitions
      At line 366 in file startup_ht32f1xxxx_01.s
   Uses
      At line 91 in file startup_ht32f1xxxx_01.s
      At line 301 in file startup_ht32f1xxxx_01.s

BP1 0000017E

Symbol: BP1
   Definitions
      At line 217 in file startup_ht32f1xxxx_01.s
   Uses
      At line 207 in file startup_ht32f1xxxx_01.s
      At line 210 in file startup_ht32f1xxxx_01.s
      At line 213 in file startup_ht32f1xxxx_01.s

BP2 00000192

Symbol: BP2
   Definitions



ARM Macro Assembler    Page 2 Alphabetic symbol ordering
Relocatable symbols

      At line 227 in file startup_ht32f1xxxx_01.s
   Uses
      At line 216 in file startup_ht32f1xxxx_01.s
Comment: BP2 used once
BP3 000001AA

Symbol: BP3
   Definitions
      At line 236 in file startup_ht32f1xxxx_01.s
   Uses
      At line 222 in file startup_ht32f1xxxx_01.s
      At line 224 in file startup_ht32f1xxxx_01.s
      At line 226 in file startup_ht32f1xxxx_01.s

BP4 000001B8

Symbol: BP4
   Definitions
      At line 242 in file startup_ht32f1xxxx_01.s
   Uses
      At line 240 in file startup_ht32f1xxxx_01.s
Comment: BP4 used once
BootProcess 00000164

Symbol: BootProcess
   Definitions
      At line 203 in file startup_ht32f1xxxx_01.s
   Uses
      At line 192 in file startup_ht32f1xxxx_01.s
Comment: BootProcess used once
BusFault_Handler 000001D2

Symbol: BusFault_Handler
   Definitions
      At line 268 in file startup_ht32f1xxxx_01.s
   Uses
      At line 76 in file startup_ht32f1xxxx_01.s
      At line 269 in file startup_ht32f1xxxx_01.s

CKRDY_IRQHandler 000001DE

Symbol: CKRDY_IRQHandler
   Definitions
      At line 364 in file startup_ht32f1xxxx_01.s
   Uses
      At line 89 in file startup_ht32f1xxxx_01.s
      At line 299 in file startup_ht32f1xxxx_01.s

COMP_IRQHandler 000001DE

Symbol: COMP_IRQHandler
   Definitions
      At line 388 in file startup_ht32f1xxxx_01.s
   Uses
      At line 117 in file startup_ht32f1xxxx_01.s
      At line 323 in file startup_ht32f1xxxx_01.s

CSIF_IRQHandler 000001DE




ARM Macro Assembler    Page 3 Alphabetic symbol ordering
Relocatable symbols

Symbol: CSIF_IRQHandler
   Definitions
      At line 426 in file startup_ht32f1xxxx_01.s
   Uses
      At line 176 in file startup_ht32f1xxxx_01.s
      At line 361 in file startup_ht32f1xxxx_01.s

DebugMon_Handler 000001D8

Symbol: DebugMon_Handler
   Definitions
      At line 283 in file startup_ht32f1xxxx_01.s
   Uses
      At line 83 in file startup_ht32f1xxxx_01.s
      At line 284 in file startup_ht32f1xxxx_01.s

Default_Handler 000001DE

Symbol: Default_Handler
   Definitions
      At line 298 in file startup_ht32f1xxxx_01.s
   Uses
      None
Comment: Default_Handler unused
EBI_IRQHandler 000001DE

Symbol: EBI_IRQHandler
   Definitions
      At line 427 in file startup_ht32f1xxxx_01.s
   Uses
      At line 180 in file startup_ht32f1xxxx_01.s
      At line 362 in file startup_ht32f1xxxx_01.s

EVWUP_IRQHandler 000001DE

Symbol: EVWUP_IRQHandler
   Definitions
      At line 370 in file startup_ht32f1xxxx_01.s
   Uses
      At line 99 in file startup_ht32f1xxxx_01.s
      At line 305 in file startup_ht32f1xxxx_01.s

EXTI0_IRQHandler 000001DE

Symbol: EXTI0_IRQHandler
   Definitions
      At line 372 in file startup_ht32f1xxxx_01.s
   Uses
      At line 101 in file startup_ht32f1xxxx_01.s
      At line 307 in file startup_ht32f1xxxx_01.s

EXTI10_IRQHandler 000001DE

Symbol: EXTI10_IRQHandler
   Definitions
      At line 382 in file startup_ht32f1xxxx_01.s
   Uses
      At line 111 in file startup_ht32f1xxxx_01.s
      At line 317 in file startup_ht32f1xxxx_01.s



ARM Macro Assembler    Page 4 Alphabetic symbol ordering
Relocatable symbols


EXTI11_IRQHandler 000001DE

Symbol: EXTI11_IRQHandler
   Definitions
      At line 383 in file startup_ht32f1xxxx_01.s
   Uses
      At line 112 in file startup_ht32f1xxxx_01.s
      At line 318 in file startup_ht32f1xxxx_01.s

EXTI12_IRQHandler 000001DE

Symbol: EXTI12_IRQHandler
   Definitions
      At line 384 in file startup_ht32f1xxxx_01.s
   Uses
      At line 113 in file startup_ht32f1xxxx_01.s
      At line 319 in file startup_ht32f1xxxx_01.s

EXTI13_IRQHandler 000001DE

Symbol: EXTI13_IRQHandler
   Definitions
      At line 385 in file startup_ht32f1xxxx_01.s
   Uses
      At line 114 in file startup_ht32f1xxxx_01.s
      At line 320 in file startup_ht32f1xxxx_01.s

EXTI14_IRQHandler 000001DE

Symbol: EXTI14_IRQHandler
   Definitions
      At line 386 in file startup_ht32f1xxxx_01.s
   Uses
      At line 115 in file startup_ht32f1xxxx_01.s
      At line 321 in file startup_ht32f1xxxx_01.s

EXTI15_IRQHandler 000001DE

Symbol: EXTI15_IRQHandler
   Definitions
      At line 387 in file startup_ht32f1xxxx_01.s
   Uses
      At line 116 in file startup_ht32f1xxxx_01.s
      At line 322 in file startup_ht32f1xxxx_01.s

EXTI1_IRQHandler 000001DE

Symbol: EXTI1_IRQHandler
   Definitions
      At line 373 in file startup_ht32f1xxxx_01.s
   Uses
      At line 102 in file startup_ht32f1xxxx_01.s
      At line 308 in file startup_ht32f1xxxx_01.s

EXTI2_IRQHandler 000001DE

Symbol: EXTI2_IRQHandler
   Definitions



ARM Macro Assembler    Page 5 Alphabetic symbol ordering
Relocatable symbols

      At line 374 in file startup_ht32f1xxxx_01.s
   Uses
      At line 103 in file startup_ht32f1xxxx_01.s
      At line 309 in file startup_ht32f1xxxx_01.s

EXTI3_IRQHandler 000001DE

Symbol: EXTI3_IRQHandler
   Definitions
      At line 375 in file startup_ht32f1xxxx_01.s
   Uses
      At line 104 in file startup_ht32f1xxxx_01.s
      At line 310 in file startup_ht32f1xxxx_01.s

EXTI4_IRQHandler 000001DE

Symbol: EXTI4_IRQHandler
   Definitions
      At line 376 in file startup_ht32f1xxxx_01.s
   Uses
      At line 105 in file startup_ht32f1xxxx_01.s
      At line 311 in file startup_ht32f1xxxx_01.s

EXTI5_IRQHandler 000001DE

Symbol: EXTI5_IRQHandler
   Definitions
      At line 377 in file startup_ht32f1xxxx_01.s
   Uses
      At line 106 in file startup_ht32f1xxxx_01.s
      At line 312 in file startup_ht32f1xxxx_01.s

EXTI6_IRQHandler 000001DE

Symbol: EXTI6_IRQHandler
   Definitions
      At line 378 in file startup_ht32f1xxxx_01.s
   Uses
      At line 107 in file startup_ht32f1xxxx_01.s
      At line 313 in file startup_ht32f1xxxx_01.s

EXTI7_IRQHandler 000001DE

Symbol: EXTI7_IRQHandler
   Definitions
      At line 379 in file startup_ht32f1xxxx_01.s
   Uses
      At line 108 in file startup_ht32f1xxxx_01.s
      At line 314 in file startup_ht32f1xxxx_01.s

EXTI8_IRQHandler 000001DE

Symbol: EXTI8_IRQHandler
   Definitions
      At line 380 in file startup_ht32f1xxxx_01.s
   Uses
      At line 109 in file startup_ht32f1xxxx_01.s
      At line 315 in file startup_ht32f1xxxx_01.s




ARM Macro Assembler    Page 6 Alphabetic symbol ordering
Relocatable symbols

EXTI9_IRQHandler 000001DE

Symbol: EXTI9_IRQHandler
   Definitions
      At line 381 in file startup_ht32f1xxxx_01.s
   Uses
      At line 110 in file startup_ht32f1xxxx_01.s
      At line 316 in file startup_ht32f1xxxx_01.s

FLASH_IRQHandler 000001DE

Symbol: FLASH_IRQHandler
   Definitions
      At line 369 in file startup_ht32f1xxxx_01.s
   Uses
      At line 98 in file startup_ht32f1xxxx_01.s
      At line 304 in file startup_ht32f1xxxx_01.s

GPTM0_IRQHandler 000001DE

Symbol: GPTM0_IRQHandler
   Definitions
      At line 398 in file startup_ht32f1xxxx_01.s
   Uses
      At line 128 in file startup_ht32f1xxxx_01.s
      At line 333 in file startup_ht32f1xxxx_01.s

GPTM1_IRQHandler 000001DE

Symbol: GPTM1_IRQHandler
   Definitions
      At line 399 in file startup_ht32f1xxxx_01.s
   Uses
      At line 129 in file startup_ht32f1xxxx_01.s
      At line 334 in file startup_ht32f1xxxx_01.s

HardFault_Handler 000001CE

Symbol: HardFault_Handler
   Definitions
      At line 258 in file startup_ht32f1xxxx_01.s
   Uses
      At line 74 in file startup_ht32f1xxxx_01.s
      At line 259 in file startup_ht32f1xxxx_01.s

I2C0_IRQHandler 000001DE

Symbol: I2C0_IRQHandler
   Definitions
      At line 402 in file startup_ht32f1xxxx_01.s
   Uses
      At line 136 in file startup_ht32f1xxxx_01.s
      At line 337 in file startup_ht32f1xxxx_01.s

I2C1_IRQHandler 000001DE

Symbol: I2C1_IRQHandler
   Definitions
      At line 403 in file startup_ht32f1xxxx_01.s



ARM Macro Assembler    Page 7 Alphabetic symbol ordering
Relocatable symbols

   Uses
      At line 137 in file startup_ht32f1xxxx_01.s
      At line 338 in file startup_ht32f1xxxx_01.s

I2S_IRQHandler 000001DE

Symbol: I2S_IRQHandler
   Definitions
      At line 411 in file startup_ht32f1xxxx_01.s
   Uses
      At line 149 in file startup_ht32f1xxxx_01.s
      At line 346 in file startup_ht32f1xxxx_01.s

LPWUP_IRQHandler 000001DE

Symbol: LPWUP_IRQHandler
   Definitions
      At line 371 in file startup_ht32f1xxxx_01.s
   Uses
      At line 100 in file startup_ht32f1xxxx_01.s
      At line 306 in file startup_ht32f1xxxx_01.s

LVD_IRQHandler 000001DE

Symbol: LVD_IRQHandler
   Definitions
      At line 365 in file startup_ht32f1xxxx_01.s
   Uses
      At line 90 in file startup_ht32f1xxxx_01.s
      At line 300 in file startup_ht32f1xxxx_01.s

MCTM0BRK_IRQHandler 000001DE

Symbol: MCTM0BRK_IRQHandler
   Definitions
      At line 390 in file startup_ht32f1xxxx_01.s
   Uses
      At line 120 in file startup_ht32f1xxxx_01.s
      At line 325 in file startup_ht32f1xxxx_01.s

MCTM0CC_IRQHandler 000001DE

Symbol: MCTM0CC_IRQHandler
   Definitions
      At line 393 in file startup_ht32f1xxxx_01.s
   Uses
      At line 123 in file startup_ht32f1xxxx_01.s
      At line 328 in file startup_ht32f1xxxx_01.s

MCTM0TR_IRQHandler 000001DE

Symbol: MCTM0TR_IRQHandler
   Definitions
      At line 392 in file startup_ht32f1xxxx_01.s
   Uses
      At line 122 in file startup_ht32f1xxxx_01.s
      At line 327 in file startup_ht32f1xxxx_01.s

MCTM0UP_IRQHandler 000001DE



ARM Macro Assembler    Page 8 Alphabetic symbol ordering
Relocatable symbols


Symbol: MCTM0UP_IRQHandler
   Definitions
      At line 391 in file startup_ht32f1xxxx_01.s
   Uses
      At line 121 in file startup_ht32f1xxxx_01.s
      At line 326 in file startup_ht32f1xxxx_01.s

MCTM1BRK_IRQHandler 000001DE

Symbol: MCTM1BRK_IRQHandler
   Definitions
      At line 394 in file startup_ht32f1xxxx_01.s
   Uses
      At line 124 in file startup_ht32f1xxxx_01.s
      At line 329 in file startup_ht32f1xxxx_01.s

MCTM1CC_IRQHandler 000001DE

Symbol: MCTM1CC_IRQHandler
   Definitions
      At line 397 in file startup_ht32f1xxxx_01.s
   Uses
      At line 127 in file startup_ht32f1xxxx_01.s
      At line 332 in file startup_ht32f1xxxx_01.s

MCTM1TR_IRQHandler 000001DE

Symbol: MCTM1TR_IRQHandler
   Definitions
      At line 396 in file startup_ht32f1xxxx_01.s
   Uses
      At line 126 in file startup_ht32f1xxxx_01.s
      At line 331 in file startup_ht32f1xxxx_01.s

MCTM1UP_IRQHandler 000001DE

Symbol: MCTM1UP_IRQHandler
   Definitions
      At line 395 in file startup_ht32f1xxxx_01.s
   Uses
      At line 125 in file startup_ht32f1xxxx_01.s
      At line 330 in file startup_ht32f1xxxx_01.s

MemManage_Handler 000001D0

Symbol: MemManage_Handler
   Definitions
      At line 263 in file startup_ht32f1xxxx_01.s
   Uses
      At line 75 in file startup_ht32f1xxxx_01.s
      At line 264 in file startup_ht32f1xxxx_01.s

NMI_Handler 000001CC

Symbol: NMI_Handler
   Definitions
      At line 253 in file startup_ht32f1xxxx_01.s
   Uses



ARM Macro Assembler    Page 9 Alphabetic symbol ordering
Relocatable symbols

      At line 73 in file startup_ht32f1xxxx_01.s
      At line 254 in file startup_ht32f1xxxx_01.s

PDMA_CH0_IRQHandler 000001DE

Symbol: PDMA_CH0_IRQHandler
   Definitions
      At line 414 in file startup_ht32f1xxxx_01.s
   Uses
      At line 156 in file startup_ht32f1xxxx_01.s
      At line 349 in file startup_ht32f1xxxx_01.s

PDMA_CH10_IRQHandler 000001DE

Symbol: PDMA_CH10_IRQHandler
   Definitions
      At line 424 in file startup_ht32f1xxxx_01.s
   Uses
      At line 172 in file startup_ht32f1xxxx_01.s
      At line 359 in file startup_ht32f1xxxx_01.s

PDMA_CH11_IRQHandler 000001DE

Symbol: PDMA_CH11_IRQHandler
   Definitions
      At line 425 in file startup_ht32f1xxxx_01.s
   Uses
      At line 173 in file startup_ht32f1xxxx_01.s
      At line 360 in file startup_ht32f1xxxx_01.s

PDMA_CH1_IRQHandler 000001DE

Symbol: PDMA_CH1_IRQHandler
   Definitions
      At line 415 in file startup_ht32f1xxxx_01.s
   Uses
      At line 157 in file startup_ht32f1xxxx_01.s
      At line 350 in file startup_ht32f1xxxx_01.s

PDMA_CH2_IRQHandler 000001DE

Symbol: PDMA_CH2_IRQHandler
   Definitions
      At line 416 in file startup_ht32f1xxxx_01.s
   Uses
      At line 158 in file startup_ht32f1xxxx_01.s
      At line 351 in file startup_ht32f1xxxx_01.s

PDMA_CH3_IRQHandler 000001DE

Symbol: PDMA_CH3_IRQHandler
   Definitions
      At line 417 in file startup_ht32f1xxxx_01.s
   Uses
      At line 159 in file startup_ht32f1xxxx_01.s
      At line 352 in file startup_ht32f1xxxx_01.s

PDMA_CH4_IRQHandler 000001DE




ARM Macro Assembler    Page 10 Alphabetic symbol ordering
Relocatable symbols

Symbol: PDMA_CH4_IRQHandler
   Definitions
      At line 418 in file startup_ht32f1xxxx_01.s
   Uses
      At line 160 in file startup_ht32f1xxxx_01.s
      At line 353 in file startup_ht32f1xxxx_01.s

PDMA_CH5_IRQHandler 000001DE

Symbol: PDMA_CH5_IRQHandler
   Definitions
      At line 419 in file startup_ht32f1xxxx_01.s
   Uses
      At line 161 in file startup_ht32f1xxxx_01.s
      At line 354 in file startup_ht32f1xxxx_01.s

PDMA_CH6_IRQHandler 000001DE

Symbol: PDMA_CH6_IRQHandler
   Definitions
      At line 420 in file startup_ht32f1xxxx_01.s
   Uses
      At line 162 in file startup_ht32f1xxxx_01.s
      At line 355 in file startup_ht32f1xxxx_01.s

PDMA_CH7_IRQHandler 000001DE

Symbol: PDMA_CH7_IRQHandler
   Definitions
      At line 421 in file startup_ht32f1xxxx_01.s
   Uses
      At line 163 in file startup_ht32f1xxxx_01.s
      At line 356 in file startup_ht32f1xxxx_01.s

PDMA_CH8_IRQHandler 000001DE

Symbol: PDMA_CH8_IRQHandler
   Definitions
      At line 422 in file startup_ht32f1xxxx_01.s
   Uses
      At line 170 in file startup_ht32f1xxxx_01.s
      At line 357 in file startup_ht32f1xxxx_01.s

PDMA_CH9_IRQHandler 000001DE

Symbol: PDMA_CH9_IRQHandler
   Definitions
      At line 423 in file startup_ht32f1xxxx_01.s
   Uses
      At line 171 in file startup_ht32f1xxxx_01.s
      At line 358 in file startup_ht32f1xxxx_01.s

PendSV_Handler 000001DA

Symbol: PendSV_Handler
   Definitions
      At line 288 in file startup_ht32f1xxxx_01.s
   Uses
      At line 85 in file startup_ht32f1xxxx_01.s



ARM Macro Assembler    Page 11 Alphabetic symbol ordering
Relocatable symbols

      At line 289 in file startup_ht32f1xxxx_01.s

RESET 00000000

Symbol: RESET
   Definitions
      At line 67 in file startup_ht32f1xxxx_01.s
   Uses
      None
Comment: RESET unused
RTC_IRQHandler 000001DE

Symbol: RTC_IRQHandler
   Definitions
      At line 368 in file startup_ht32f1xxxx_01.s
   Uses
      At line 97 in file startup_ht32f1xxxx_01.s
      At line 303 in file startup_ht32f1xxxx_01.s

Reset_Handler 00000158

Symbol: Reset_Handler
   Definitions
      At line 186 in file startup_ht32f1xxxx_01.s
   Uses
      At line 72 in file startup_ht32f1xxxx_01.s
      At line 187 in file startup_ht32f1xxxx_01.s

SCI_IRQHandler 000001DE

Symbol: SCI_IRQHandler
   Definitions
      At line 410 in file startup_ht32f1xxxx_01.s
   Uses
      At line 147 in file startup_ht32f1xxxx_01.s
      At line 345 in file startup_ht32f1xxxx_01.s

SDIO_IRQHandler 000001DE

Symbol: SDIO_IRQHandler
   Definitions
      At line 413 in file startup_ht32f1xxxx_01.s
   Uses
      At line 154 in file startup_ht32f1xxxx_01.s
      At line 348 in file startup_ht32f1xxxx_01.s

SPI0_IRQHandler 000001DE

Symbol: SPI0_IRQHandler
   Definitions
      At line 404 in file startup_ht32f1xxxx_01.s
   Uses
      At line 138 in file startup_ht32f1xxxx_01.s
      At line 339 in file startup_ht32f1xxxx_01.s

SPI1_IRQHandler 000001DE

Symbol: SPI1_IRQHandler
   Definitions



ARM Macro Assembler    Page 12 Alphabetic symbol ordering
Relocatable symbols

      At line 405 in file startup_ht32f1xxxx_01.s
   Uses
      At line 139 in file startup_ht32f1xxxx_01.s
      At line 340 in file startup_ht32f1xxxx_01.s

SVC_Handler 000001D6

Symbol: SVC_Handler
   Definitions
      At line 278 in file startup_ht32f1xxxx_01.s
   Uses
      At line 82 in file startup_ht32f1xxxx_01.s
      At line 279 in file startup_ht32f1xxxx_01.s

SysTick_Handler 000001DC

Symbol: SysTick_Handler
   Definitions
      At line 293 in file startup_ht32f1xxxx_01.s
   Uses
      At line 86 in file startup_ht32f1xxxx_01.s
      At line 294 in file startup_ht32f1xxxx_01.s

UART0_IRQHandler 000001DE

Symbol: UART0_IRQHandler
   Definitions
      At line 408 in file startup_ht32f1xxxx_01.s
   Uses
      At line 142 in file startup_ht32f1xxxx_01.s
      At line 343 in file startup_ht32f1xxxx_01.s

UART1_IRQHandler 000001DE

Symbol: UART1_IRQHandler
   Definitions
      At line 409 in file startup_ht32f1xxxx_01.s
   Uses
      At line 143 in file startup_ht32f1xxxx_01.s
      At line 344 in file startup_ht32f1xxxx_01.s

USART0_IRQHandler 000001DE

Symbol: USART0_IRQHandler
   Definitions
      At line 406 in file startup_ht32f1xxxx_01.s
   Uses
      At line 140 in file startup_ht32f1xxxx_01.s
      At line 341 in file startup_ht32f1xxxx_01.s

USART1_IRQHandler 000001DE

Symbol: USART1_IRQHandler
   Definitions
      At line 407 in file startup_ht32f1xxxx_01.s
   Uses
      At line 141 in file startup_ht32f1xxxx_01.s
      At line 342 in file startup_ht32f1xxxx_01.s




ARM Macro Assembler    Page 13 Alphabetic symbol ordering
Relocatable symbols

USB_IRQHandler 000001DE

Symbol: USB_IRQHandler
   Definitions
      At line 412 in file startup_ht32f1xxxx_01.s
   Uses
      At line 150 in file startup_ht32f1xxxx_01.s
      At line 347 in file startup_ht32f1xxxx_01.s

UsageFault_Handler 000001D4

Symbol: UsageFault_Handler
   Definitions
      At line 273 in file startup_ht32f1xxxx_01.s
   Uses
      At line 77 in file startup_ht32f1xxxx_01.s
      At line 274 in file startup_ht32f1xxxx_01.s

WDT_IRQHandler 000001DE

Symbol: WDT_IRQHandler
   Definitions
      At line 367 in file startup_ht32f1xxxx_01.s
   Uses
      At line 302 in file startup_ht32f1xxxx_01.s
Comment: WDT_IRQHandler used once
__Vectors 00000000

Symbol: __Vectors
   Definitions
      At line 70 in file startup_ht32f1xxxx_01.s
   Uses
      At line 68 in file startup_ht32f1xxxx_01.s
Comment: __Vectors used once
83 symbols



ARM Macro Assembler    Page 1 Alphabetic symbol ordering
Absolute symbols

HT32F12345 00000003

Symbol: HT32F12345
   Definitions
      At line 35 in file startup_ht32f1xxxx_01.s
   Uses
      At line 144 in file startup_ht32f1xxxx_01.s
Comment: HT32F12345 used once
HT32F12365_66 00000002

Symbol: HT32F12365_66
   Definitions
      At line 34 in file startup_ht32f1xxxx_01.s
   Uses
      At line 175 in file startup_ht32f1xxxx_01.s
      At line 181 in file startup_ht32f1xxxx_01.s

HT32F1653_54_55_56 00000001

Symbol: HT32F1653_54_55_56
   Definitions
      At line 33 in file startup_ht32f1xxxx_01.s
   Uses
      At line 92 in file startup_ht32f1xxxx_01.s
      At line 151 in file startup_ht32f1xxxx_01.s
      At line 164 in file startup_ht32f1xxxx_01.s
      At line 190 in file startup_ht32f1xxxx_01.s
      At line 201 in file startup_ht32f1xxxx_01.s

Heap_Size 00000000

Symbol: Heap_Size
   Definitions
      At line 53 in file startup_ht32f1xxxx_01.s
   Uses
      At line 58 in file startup_ht32f1xxxx_01.s
Comment: Heap_Size used once
Stack_Size 00000200

Symbol: Stack_Size
   Definitions
      At line 45 in file startup_ht32f1xxxx_01.s
   Uses
      At line 49 in file startup_ht32f1xxxx_01.s
Comment: Stack_Size used once
USE_HT32_CHIP_SET 00000000

Symbol: USE_HT32_CHIP_SET
   Definitions
      At line 28 in file startup_ht32f1xxxx_01.s
   Uses
      At line 37 in file startup_ht32f1xxxx_01.s
Comment: USE_HT32_CHIP_SET used once
_HT32FWID FFFFFFFF

Symbol: _HT32FWID
   Definitions
      At line 30 in file startup_ht32f1xxxx_01.s
   Uses



ARM Macro Assembler    Page 2 Alphabetic symbol ordering
Absolute symbols

      At line 79 in file startup_ht32f1xxxx_01.s
Comment: _HT32FWID used once
_RESERVED FFFFFFFF

Symbol: _RESERVED
   Definitions
      At line 69 in file startup_ht32f1xxxx_01.s
   Uses
      At line 78 in file startup_ht32f1xxxx_01.s
      At line 80 in file startup_ht32f1xxxx_01.s
      At line 81 in file startup_ht32f1xxxx_01.s
      At line 84 in file startup_ht32f1xxxx_01.s
      At line 95 in file startup_ht32f1xxxx_01.s
      At line 119 in file startup_ht32f1xxxx_01.s
      At line 130 in file startup_ht32f1xxxx_01.s
      At line 131 in file startup_ht32f1xxxx_01.s
      At line 132 in file startup_ht32f1xxxx_01.s
      At line 133 in file startup_ht32f1xxxx_01.s

8 symbols



ARM Macro Assembler    Page 1 Alphabetic symbol ordering
External symbols

SystemInit 00000000

Symbol: SystemInit
   Definitions
      At line 188 in file startup_ht32f1xxxx_01.s
   Uses
      At line 195 in file startup_ht32f1xxxx_01.s
Comment: SystemInit used once
__main 00000000

Symbol: __main
   Definitions
      At line 189 in file startup_ht32f1xxxx_01.s
   Uses
      At line 197 in file startup_ht32f1xxxx_01.s
Comment: __main used once
2 symbols
439 symbols in table
